<?xml version="1.0" encoding="UTF-8"?><testsuite errors="0" failures="0" name="com.bestbuy.studentinfo.StoresCURDTestWithSteps" skipped="0" tests="4" time="4.37" timestamp="2023-01-01T18:17:03.030Z[Europe/London]"><testcase classname="com.bestbuy.studentinfo.StoresCURDTestWithSteps" name="This will create a New Store"/><testcase classname="com.bestbuy.studentinfo.StoresCURDTestWithSteps" name="Verify if the Store was added to the application"/><testcase classname="com.bestbuy.studentinfo.StoresCURDTestWithSteps" name="Update the Store information"/><testcase classname="com.bestbuy.studentinfo.StoresCURDTestWithSteps" name="Delete the Store by ID"/></testsuite>