<?xml version="1.0" encoding="UTF-8"?><testsuite errors="0" failures="0" name="com.bestbuy.studentinfo.ProductCURDTestWithSteps" skipped="0" tests="4" time="7.47" timestamp="2023-01-01T21:16:00.914Z[Europe/London]"><testcase classname="com.bestbuy.studentinfo.ProductCURDTestWithSteps" name="This will create a New product"/><testcase classname="com.bestbuy.studentinfo.ProductCURDTestWithSteps" name="Verify if the Product was added to the application"/><testcase classname="com.bestbuy.studentinfo.ProductCURDTestWithSteps" name="Update the product information"/><testcase classname="com.bestbuy.studentinfo.ProductCURDTestWithSteps" name="Delete the product by ID"/></testsuite>